<?xml version="1.0" encoding="UTF-8"?>
<testng-results skipped="0" failed="0" ignored="0" total="1" passed="1">
  <reporter-output>
  </reporter-output>
  <suite name="Default suite" duration-ms="9665" started-at="2022-05-31T23:12:21 EDT" finished-at="2022-05-31T23:12:31 EDT">
    <groups>
    </groups>
    <test name="Default test" duration-ms="9665" started-at="2022-05-31T23:12:21 EDT" finished-at="2022-05-31T23:12:31 EDT">
      <class name="com.digiboxx.Testcases.DigiboxxLoginTest">
        <test-method status="PASS" signature="loginHomePage()[pri:0, instance:com.digiboxx.Testcases.DigiboxxLoginTest@11758f2a]" name="loginHomePage" duration-ms="9626" started-at="2022-05-31T23:12:21 EDT" finished-at="2022-05-31T23:12:31 EDT">
          <reporter-output>
          </reporter-output>
        </test-method> <!-- loginHomePage -->
      </class> <!-- com.digiboxx.Testcases.DigiboxxLoginTest -->
    </test> <!-- Default test -->
  </suite> <!-- Default suite -->
</testng-results>
